<?xml version="1.0" encoding="UTF-8"?>
<!-- Generated by org.testng.reporters.JUnitXMLReporter -->
<testsuite ignored="0" hostname="prasanthperugu" failures="0" tests="4" name="OrangeHRMTest" time="8.815" errors="0" timestamp="2024-08-28T19:54:04 IST">
  <testcase classname="TestNGPrograms.OrangeHRMTest" name="LaunchApp" time="3.091"/>
  <testcase classname="TestNGPrograms.OrangeHRMTest" name="EnterLoginDetails" time="1.977"/>
  <testcase classname="TestNGPrograms.OrangeHRMTest" name="NavigateToInfo" time="1.597"/>
  <testcase classname="TestNGPrograms.OrangeHRMTest" name="Verifythelogo" time="0.347"/>
</testsuite> <!-- OrangeHRMTest -->
