<?xml version="1.0" encoding="UTF-8"?>
<testng-results ignored="0" total="4" passed="4" failed="0" skipped="0">
  <reporter-output>
  </reporter-output>
  <suite started-at="2024-08-28T19:53:56 IST" name="Suite" finished-at="2024-08-28T19:54:04 IST" duration-ms="8815">
    <groups>
    </groups>
    <test started-at="2024-08-28T19:53:56 IST" name="OrangeHRMTest" finished-at="2024-08-28T19:54:04 IST" duration-ms="8815">
      <class name="TestNGPrograms.OrangeHRMTest">
        <test-method is-config="true" signature="InsilialiseBrowser()[pri:0, instance:TestNGPrograms.OrangeHRMTest@793f29ff]" started-at="2024-08-28T19:53:56 IST" name="InsilialiseBrowser" finished-at="2024-08-28T19:53:57 IST" duration-ms="1515" status="PASS">
          <reporter-output>
          </reporter-output>
        </test-method> <!-- InsilialiseBrowser -->
        <test-method signature="LaunchApp()[pri:0, instance:TestNGPrograms.OrangeHRMTest@793f29ff]" started-at="2024-08-28T19:53:57 IST" name="LaunchApp" finished-at="2024-08-28T19:54:00 IST" duration-ms="3091" status="PASS">
          <reporter-output>
          </reporter-output>
        </test-method> <!-- LaunchApp -->
        <test-method signature="EnterLoginDetails()[pri:0, instance:TestNGPrograms.OrangeHRMTest@793f29ff]" started-at="2024-08-28T19:54:00 IST" name="EnterLoginDetails" finished-at="2024-08-28T19:54:02 IST" duration-ms="1977" status="PASS">
          <reporter-output>
          </reporter-output>
        </test-method> <!-- EnterLoginDetails -->
        <test-method signature="NavigateToInfo()[pri:0, instance:TestNGPrograms.OrangeHRMTest@793f29ff]" started-at="2024-08-28T19:54:02 IST" name="NavigateToInfo" finished-at="2024-08-28T19:54:04 IST" duration-ms="1597" status="PASS">
          <reporter-output>
          </reporter-output>
        </test-method> <!-- NavigateToInfo -->
        <test-method signature="Verifythelogo()[pri:0, instance:TestNGPrograms.OrangeHRMTest@793f29ff]" started-at="2024-08-28T19:54:04 IST" name="Verifythelogo" finished-at="2024-08-28T19:54:04 IST" duration-ms="347" status="PASS">
          <reporter-output>
          </reporter-output>
        </test-method> <!-- Verifythelogo -->
        <test-method is-config="true" signature="Teardown()[pri:0, instance:TestNGPrograms.OrangeHRMTest@793f29ff]" started-at="2024-08-28T19:54:04 IST" name="Teardown" finished-at="2024-08-28T19:54:04 IST" duration-ms="226" status="PASS">
          <reporter-output>
          </reporter-output>
        </test-method> <!-- Teardown -->
      </class> <!-- TestNGPrograms.OrangeHRMTest -->
    </test> <!-- OrangeHRMTest -->
  </suite> <!-- Suite -->
</testng-results>
