<?xml version="1.0" encoding="UTF-8"?>
<testng-results ignored="0" total="1" passed="1" failed="0" skipped="0">
  <reporter-output>
  </reporter-output>
  <suite started-at="2024-07-31T19:48:14 IST" name="Default suite" finished-at="2024-07-31T19:48:17 IST" duration-ms="3371">
    <groups>
    </groups>
    <test started-at="2024-07-31T19:48:14 IST" name="Default test" finished-at="2024-07-31T19:48:17 IST" duration-ms="3371">
      <class name="TestNGPrograms.SeleniumTest">
        <test-method is-config="true" signature="SetUserInput()[pri:0, instance:TestNGPrograms.SeleniumTest@69e153c5]" started-at="2024-07-31T19:48:14 IST" name="SetUserInput" finished-at="2024-07-31T19:48:16 IST" duration-ms="2528" status="PASS">
          <reporter-output>
          </reporter-output>
        </test-method> <!-- SetUserInput -->
        <test-method signature="SetLoginDetails()[pri:0, instance:TestNGPrograms.SeleniumTest@69e153c5]" started-at="2024-07-31T19:48:16 IST" name="SetLoginDetails" finished-at="2024-07-31T19:48:17 IST" duration-ms="679" status="PASS">
          <reporter-output>
          </reporter-output>
        </test-method> <!-- SetLoginDetails -->
        <test-method is-config="true" signature="closeDriver()[pri:0, instance:TestNGPrograms.SeleniumTest@69e153c5]" started-at="2024-07-31T19:48:17 IST" name="closeDriver" finished-at="2024-07-31T19:48:17 IST" duration-ms="139" status="PASS">
          <reporter-output>
          </reporter-output>
        </test-method> <!-- closeDriver -->
      </class> <!-- TestNGPrograms.SeleniumTest -->
    </test> <!-- Default test -->
  </suite> <!-- Default suite -->
</testng-results>
